<?xml version="1.0" encoding="UTF-8"?>
<!-- Generated by org.testng.reporters.JUnitXMLReporter -->
<testsuite ignored="0" hostname="Laptop" failures="0" tests="3" name="Default test" time="27.772" errors="0" timestamp="2023-12-19T12:07:42 IST">
  <testcase classname="DataProvider.learningTwoDimensionalDataProvider" name="register" time="8.089"/>
  <testcase classname="DataProvider.learningTwoDimensionalDataProvider" name="register" time="8.913"/>
  <testcase classname="DataProvider.learningTwoDimensionalDataProvider" name="register" time="10.248"/>
</testsuite> <!-- Default test -->
