<?xml version="1.0" encoding="UTF-8"?>
<!-- Generated by org.testng.reporters.JUnitXMLReporter -->
<testsuite ignored="0" hostname="Laptop" failures="0" tests="5" name="Test1" time="139.136" errors="0" timestamp="2023-12-15T11:03:59 IST">
  <testcase classname="Scripts.Script1" name="login" time="38.244"/>
  <testcase classname="Scripts.Script2" name="login" time="53.436"/>
  <testcase classname="Scripts.Script5" name="login" time="37.548"/>
  <testcase classname="Scripts.Script3" name="login" time="5.021"/>
  <testcase classname="Scripts.Script4" name="login" time="4.795"/>
</testsuite> <!-- Test1 -->
