<?xml version="1.0" encoding="UTF-8"?>
<!-- Generated by org.testng.reporters.JUnitXMLReporter -->
<testsuite ignored="0" hostname="Laptop" failures="0" tests="5" name="Test" time="153.129" errors="0" timestamp="2023-12-15T11:04:13 IST">
  <testcase classname="Scripts.Script1" name="login" time="131.172"/>
  <testcase classname="Scripts.Script2" name="login" time="14.889"/>
  <testcase classname="Scripts.Script5" name="login" time="2.431"/>
  <testcase classname="Scripts.Script3" name="login" time="2.897"/>
  <testcase classname="Scripts.Script4" name="login" time="1.674"/>
</testsuite> <!-- Test -->
